<?xml version="1.0" encoding="UTF-8"?>
<testng-results ignored="0" total="1" passed="1" failed="0" skipped="0">
  <reporter-output>
  </reporter-output>
  <suite started-at="2024-09-07T18:19:00 IST" name="Default suite" finished-at="2024-09-07T18:19:05 IST" duration-ms="5108">
    <groups>
    </groups>
    <test started-at="2024-09-07T18:19:00 IST" name="Default test" finished-at="2024-09-07T18:19:05 IST" duration-ms="5108">
      <class name="testingbaba_test.Logintest">
        <test-method is-config="true" signature="getLunchUrl_testingbaba()[pri:0, instance:testingbaba_test.Logintest@17f9d882]" started-at="2024-09-07T18:19:00 IST" name="getLunchUrl_testingbaba" finished-at="2024-09-07T18:19:05 IST" duration-ms="4969" status="PASS">
          <reporter-output>
          </reporter-output>
        </test-method> <!-- getLunchUrl_testingbaba -->
        <test-method signature="getTitle_testingbaba()[pri:1, instance:testingbaba_test.Logintest@17f9d882]" started-at="2024-09-07T18:19:05 IST" name="getTitle_testingbaba" finished-at="2024-09-07T18:19:05 IST" duration-ms="45" status="PASS">
          <reporter-output>
          </reporter-output>
        </test-method> <!-- getTitle_testingbaba -->
      </class> <!-- testingbaba_test.Logintest -->
    </test> <!-- Default test -->
  </suite> <!-- Default suite -->
</testng-results>
